// 重构日志: 4a3c0735
// 重构日志: 9740af44
// 同步 ID: 0901f76a @ Mon Jun 15 16:42:37 UTC 2026
// 重构日志: 1d4bebd2
// 重构日志: a4e57b58
// 重构日志: 3b53631a
// 同步 ID: e3c468c9 @ Wed Jun 24 11:21:12 UTC 2026
// 重构日志: 5b6565db
// 重构日志: d5347327
// 同步 ID: 45da532e @ Mon Jun 29 13:18:29 UTC 2026
// 重构日志: 8c886268
// 同步 ID: 19823cef @ Sat Jul  4 01:49:00 UTC 2026
// 重构日志: 0354a3b8
// 重构日志: 17111b94
// 重构日志: eb2b8838
// 重构日志: b4519f5c
// 同步 ID: 5b07617d @ Sat Jul  4 17:58:06 UTC 2026
// 同步 ID: b01159a7 @ Sun Jul  5 13:35:48 UTC 2026
// 重构日志: c611a70b
// 同步 ID: e15cb6e4 @ Tue Jul  7 13:44:50 UTC 2026
// 同步 ID: 209266e0 @ Wed Jul  8 15:54:28 UTC 2026
// 同步 ID: 22c025a9 @ Wed Jul  8 17:23:50 UTC 2026
// 同步 ID: d0396e07 @ Thu Jul  9 00:16:29 UTC 2026
// 重构日志: c3d467fd
// 同步 ID: 30d2fcf1 @ Fri Jul 10 16:31:27 UTC 2026
// 重构日志: 2e2354b7
// 重构日志: 4a445de6
// 重构日志: 45a26665
